生成启动时间为 2015/3/26 星期四 下午 3:28:05。
     1>项目“D:\GitHub\LeetCode\code\code\code.vcxproj”在节点 2 上(Build 个目标)。
     1>ClCompile:
         C:\Program Files\Microsoft Visual Studio 12.0\VC\bin\CL.exe /c /ZI /nologo /W3 /WX- /sdl /Od /Oy- /D WIN32 /D _DEBUG /D _CONSOLE /D _LIB /D _UNICODE /D UNICODE /Gm /EHsc /RTC1 /MDd /GS /fp:precise /Zc:wchar_t /Zc:forScope /Yu"stdafx.h" /Fp"Debug\code.pch" /Fo"Debug\\" /Fd"Debug\vc120.pdb" /Gd /TP /analyze- /errorReport:prompt Remove_Duplicates.cpp
         Remove_Duplicates.cpp
     1>d:\github\leetcode\code\code\remove_duplicates.cpp(9): error C2059: 语法错误:“<class-head>”
     1>d:\github\leetcode\code\code\remove_duplicates.cpp(9): error C2143: 语法错误 : 缺少“;”(在“{”的前面)
     1>d:\github\leetcode\code\code\remove_duplicates.cpp(9): error C2447: “{”: 缺少函数标题(是否是老式的形式表?)
     1>d:\github\leetcode\code\code\remove_duplicates.cpp(29): error C2065: “Solution”: 未声明的标识符
     1>d:\github\leetcode\code\code\remove_duplicates.cpp(29): error C2146: 语法错误: 缺少“;”(在标识符“s1”的前面)
     1>d:\github\leetcode\code\code\remove_duplicates.cpp(29): error C2065: “s1”: 未声明的标识符
     1>d:\github\leetcode\code\code\remove_duplicates.cpp(29): error C2065: “s2”: 未声明的标识符
     1>d:\github\leetcode\code\code\remove_duplicates.cpp(31): error C2228: “.length”的左边必须有类/结构/联合
                 类型是“int [15]”
     1>d:\github\leetcode\code\code\remove_duplicates.cpp(33): error C2065: “cout”: 未声明的标识符
     1>d:\github\leetcode\code\code\remove_duplicates.cpp(34): error C2065: “s1”: 未声明的标识符
     1>d:\github\leetcode\code\code\remove_duplicates.cpp(34): error C2228: “.removeDuplicates”的左边必须有类/结构/联合
                 类型是“unknown-type”
     1>d:\github\leetcode\code\code\remove_duplicates.cpp(35): error C2065: “cout”: 未声明的标识符
     1>已完成生成项目“D:\GitHub\LeetCode\code\code\code.vcxproj”(Build 个目标)的操作 - 失败。

生成失败。

已用时间 00:00:01.30
